<?xml version="1.0" encoding="UTF-8"?>
<!-- Generated by org.testng.reporters.JUnitXMLReporter -->
<testsuite ignored="0" hostname="apples-MacBook-Air-4.local" failures="1" tests="25" name="Test ConnectSecure Application" time="230.875" errors="0" timestamp="2024-04-09T18:00:42 IST">
  <testcase classname="com.connectsecure.test.ui.connectsecure.TestNewUserPage" name="@BeforeMethod beforeMethod" time="33.42">
    <failure type="org.openqa.selenium.TimeoutException" message="Expected condition failed: waiting for visibility of Proxy element for: DefaultElementLocator &amp;apos;By.xpath: //input[@id=&amp;apos;company&amp;apos;]&amp;apos; (tried for 30 second(s) with 500 milliseconds interval)">
      <![CDATA[org.openqa.selenium.TimeoutException: Expected condition failed: waiting for visibility of Proxy element for: DefaultElementLocator 'By.xpath: //input[@id='company']' (tried for 30 second(s) with 500 milliseconds interval)
at org.openqa.selenium.support.ui.WebDriverWait.timeoutException(WebDriverWait.java:84)
at org.openqa.selenium.support.ui.FluentWait.until(FluentWait.java:230)
at com.base.utils.WebDriverFactory.waitForAnElementToBeVisible(WebDriverFactory.java:285)
at com.base.helper.ui.connectsecure.LoginPageHelper.enterTenantName(LoginPageHelper.java:44)
at com.base.helper.ui.connectsecure.LoginPageHelper.loginIntoTheApplication(LoginPageHelper.java:88)
at com.connectsecure.test.ui.connectsecure.TestNewUserPage.beforeMethod(TestNewUserPage.java:28)
at java.base/java.util.concurrent.ThreadPoolExecutor.runWorker(ThreadPoolExecutor.java:1144)
at java.base/java.util.concurrent.ThreadPoolExecutor$Worker.run(ThreadPoolExecutor.java:642)
at java.base/java.lang.Thread.run(Thread.java:1570)
Caused by: org.openqa.selenium.NoSuchElementException: no such element: Unable to locate element: {"method":"xpath","selector":"//input[@id='company']"}
  (Session info: chrome=123.0.6312.107)
For documentation on this error, please visit: https://www.selenium.dev/documentation/webdriver/troubleshooting/errors#no-such-element-exception
Build info: version: '4.10.0', revision: 'c14d967899'
System info: os.name: 'Mac OS X', os.arch: 'x86_64', os.version: '12.7.3', java.version: '22'
Driver info: org.openqa.selenium.chrome.ChromeDriver
Command: [0fe1fcc9c8e80d360f5c26fb6db4a692, findElement {using=xpath, value=//input[@id='company']}]
Capabilities {acceptInsecureCerts: false, browserName: chrome, browserVersion: 123.0.6312.107, chrome: {chromedriverVersion: 123.0.6312.58 (6b4b19e9dfbb..., userDataDir: /var/folders/1t/7s5nfm7n50d...}, fedcm:accounts: true, goog:chromeOptions: {debuggerAddress: localhost:53009}, networkConnectionEnabled: false, pageLoadStrategy: normal, platformName: mac, proxy: Proxy(), se:cdp: ws://localhost:53009/devtoo..., se:cdpVersion: 123.0.6312.107, setWindowRect: true, strictFileInteractability: false, timeouts: {implicit: 0, pageLoad: 300000, script: 30000}, unhandledPromptBehavior: dismiss and notify, webauthn:extension:credBlob: true, webauthn:extension:largeBlob: true, webauthn:extension:minPinLength: true, webauthn:extension:prf: true, webauthn:virtualAuthenticators: true}
Session ID: 0fe1fcc9c8e80d360f5c26fb6db4a692
at org.openqa.selenium.remote.codec.w3c.W3CHttpResponseCodec.createException(W3CHttpResponseCodec.java:199)
at org.openqa.selenium.remote.codec.w3c.W3CHttpResponseCodec.decode(W3CHttpResponseCodec.java:132)
at org.openqa.selenium.remote.codec.w3c.W3CHttpResponseCodec.decode(W3CHttpResponseCodec.java:51)
at org.openqa.selenium.remote.HttpCommandExecutor.execute(HttpCommandExecutor.java:191)
at org.openqa.selenium.remote.service.DriverCommandExecutor.invokeExecute(DriverCommandExecutor.java:196)
at org.openqa.selenium.remote.service.DriverCommandExecutor.execute(DriverCommandExecutor.java:171)
at org.openqa.selenium.remote.RemoteWebDriver.execute(RemoteWebDriver.java:531)
at org.openqa.selenium.remote.ElementLocation$ElementFinder$2.findElement(ElementLocation.java:165)
at org.openqa.selenium.remote.ElementLocation.findElement(ElementLocation.java:59)
at org.openqa.selenium.remote.RemoteWebDriver.findElement(RemoteWebDriver.java:350)
at org.openqa.selenium.remote.RemoteWebDriver.findElement(RemoteWebDriver.java:344)
at org.openqa.selenium.support.pagefactory.DefaultElementLocator.findElement(DefaultElementLocator.java:68)
at org.openqa.selenium.support.pagefactory.internal.LocatingElementHandler.invoke(LocatingElementHandler.java:38)
at jdk.proxy2/jdk.proxy2.$Proxy12.isDisplayed(Unknown Source)
at org.openqa.selenium.support.ui.ExpectedConditions.elementIfVisible(ExpectedConditions.java:304)
at org.openqa.selenium.support.ui.ExpectedConditions.access$000(ExpectedConditions.java:37)
at org.openqa.selenium.support.ui.ExpectedConditions$10.apply(ExpectedConditions.java:290)
at org.openqa.selenium.support.ui.ExpectedConditions$10.apply(ExpectedConditions.java:287)
at org.openqa.selenium.support.ui.FluentWait.until(FluentWait.java:205)
... 21 more
... Removed 17 stack frames]]>
    </failure>
  </testcase> <!-- @BeforeMethod beforeMethod -->
  <testcase classname="com.connectsecure.test.ui.connectsecure.TestNewUserPage" name="@BeforeMethod beforeMethod" time="-1.712665688668E9">
    <skipped/>
  </testcase> <!-- @BeforeMethod beforeMethod -->
  <testcase classname="com.connectsecure.test.ui.connectsecure.TestTagRulePage" name="@BeforeMethod beforeMethod" time="41.003">
    <failure type="org.openqa.selenium.TimeoutException" message="Expected condition failed: waiting for visibility of Proxy element for: DefaultElementLocator &amp;apos;By.xpath: //input[@id=&amp;apos;company&amp;apos;]&amp;apos; (tried for 30 second(s) with 500 milliseconds interval)">
      <![CDATA[org.openqa.selenium.TimeoutException: Expected condition failed: waiting for visibility of Proxy element for: DefaultElementLocator 'By.xpath: //input[@id='company']' (tried for 30 second(s) with 500 milliseconds interval)
at org.openqa.selenium.support.ui.WebDriverWait.timeoutException(WebDriverWait.java:84)
at org.openqa.selenium.support.ui.FluentWait.until(FluentWait.java:230)
at com.base.utils.WebDriverFactory.waitForAnElementToBeVisible(WebDriverFactory.java:285)
at com.base.helper.ui.connectsecure.LoginPageHelper.enterTenantName(LoginPageHelper.java:44)
at com.base.helper.ui.connectsecure.LoginPageHelper.loginIntoTheApplication(LoginPageHelper.java:88)
at com.connectsecure.test.ui.connectsecure.TestTagRulePage.beforeMethod(TestTagRulePage.java:33)
at java.base/java.util.concurrent.ThreadPoolExecutor.runWorker(ThreadPoolExecutor.java:1144)
at java.base/java.util.concurrent.ThreadPoolExecutor$Worker.run(ThreadPoolExecutor.java:642)
at java.base/java.lang.Thread.run(Thread.java:1570)
Caused by: org.openqa.selenium.NoSuchElementException: no such element: Unable to locate element: {"method":"xpath","selector":"//input[@id='company']"}
  (Session info: chrome=123.0.6312.107)
For documentation on this error, please visit: https://www.selenium.dev/documentation/webdriver/troubleshooting/errors#no-such-element-exception
Build info: version: '4.10.0', revision: 'c14d967899'
System info: os.name: 'Mac OS X', os.arch: 'x86_64', os.version: '12.7.3', java.version: '22'
Driver info: org.openqa.selenium.chrome.ChromeDriver
Command: [0fe1fcc9c8e80d360f5c26fb6db4a692, findElement {using=xpath, value=//input[@id='company']}]
Capabilities {acceptInsecureCerts: false, browserName: chrome, browserVersion: 123.0.6312.107, chrome: {chromedriverVersion: 123.0.6312.58 (6b4b19e9dfbb..., userDataDir: /var/folders/1t/7s5nfm7n50d...}, fedcm:accounts: true, goog:chromeOptions: {debuggerAddress: localhost:53009}, networkConnectionEnabled: false, pageLoadStrategy: normal, platformName: mac, proxy: Proxy(), se:cdp: ws://localhost:53009/devtoo..., se:cdpVersion: 123.0.6312.107, setWindowRect: true, strictFileInteractability: false, timeouts: {implicit: 0, pageLoad: 300000, script: 30000}, unhandledPromptBehavior: dismiss and notify, webauthn:extension:credBlob: true, webauthn:extension:largeBlob: true, webauthn:extension:minPinLength: true, webauthn:extension:prf: true, webauthn:virtualAuthenticators: true}
Session ID: 0fe1fcc9c8e80d360f5c26fb6db4a692
at org.openqa.selenium.remote.codec.w3c.W3CHttpResponseCodec.createException(W3CHttpResponseCodec.java:199)
at org.openqa.selenium.remote.codec.w3c.W3CHttpResponseCodec.decode(W3CHttpResponseCodec.java:132)
at org.openqa.selenium.remote.codec.w3c.W3CHttpResponseCodec.decode(W3CHttpResponseCodec.java:51)
at org.openqa.selenium.remote.HttpCommandExecutor.execute(HttpCommandExecutor.java:191)
at org.openqa.selenium.remote.service.DriverCommandExecutor.invokeExecute(DriverCommandExecutor.java:196)
at org.openqa.selenium.remote.service.DriverCommandExecutor.execute(DriverCommandExecutor.java:171)
at org.openqa.selenium.remote.RemoteWebDriver.execute(RemoteWebDriver.java:531)
at org.openqa.selenium.remote.ElementLocation$ElementFinder$2.findElement(ElementLocation.java:165)
at org.openqa.selenium.remote.ElementLocation.findElement(ElementLocation.java:59)
at org.openqa.selenium.remote.RemoteWebDriver.findElement(RemoteWebDriver.java:350)
at org.openqa.selenium.remote.RemoteWebDriver.findElement(RemoteWebDriver.java:344)
at org.openqa.selenium.support.pagefactory.DefaultElementLocator.findElement(DefaultElementLocator.java:68)
at org.openqa.selenium.support.pagefactory.internal.LocatingElementHandler.invoke(LocatingElementHandler.java:38)
at jdk.proxy2/jdk.proxy2.$Proxy12.isDisplayed(Unknown Source)
at org.openqa.selenium.support.ui.ExpectedConditions.elementIfVisible(ExpectedConditions.java:304)
at org.openqa.selenium.support.ui.ExpectedConditions.access$000(ExpectedConditions.java:37)
at org.openqa.selenium.support.ui.ExpectedConditions$10.apply(ExpectedConditions.java:290)
at org.openqa.selenium.support.ui.ExpectedConditions$10.apply(ExpectedConditions.java:287)
at org.openqa.selenium.support.ui.FluentWait.until(FluentWait.java:205)
... 21 more
... Removed 17 stack frames]]>
    </failure>
  </testcase> <!-- @BeforeMethod beforeMethod -->
  <testcase classname="com.connectsecure.test.ui.connectsecure.TestGenralSettingsPage" name="@BeforeMethod beforeMethod" time="39.787">
    <failure type="org.openqa.selenium.TimeoutException" message="Expected condition failed: waiting for visibility of Proxy element for: DefaultElementLocator &amp;apos;By.xpath: //input[@id=&amp;apos;company&amp;apos;]&amp;apos; (tried for 30 second(s) with 500 milliseconds interval)">
      <![CDATA[org.openqa.selenium.TimeoutException: Expected condition failed: waiting for visibility of Proxy element for: DefaultElementLocator 'By.xpath: //input[@id='company']' (tried for 30 second(s) with 500 milliseconds interval)
at org.openqa.selenium.support.ui.WebDriverWait.timeoutException(WebDriverWait.java:84)
at org.openqa.selenium.support.ui.FluentWait.until(FluentWait.java:230)
at com.base.utils.WebDriverFactory.waitForAnElementToBeVisible(WebDriverFactory.java:285)
at com.base.helper.ui.connectsecure.LoginPageHelper.enterTenantName(LoginPageHelper.java:44)
at com.base.helper.ui.connectsecure.LoginPageHelper.loginIntoTheApplication(LoginPageHelper.java:88)
at com.connectsecure.test.ui.connectsecure.TestGenralSettingsPage.beforeMethod(TestGenralSettingsPage.java:32)
at java.base/java.util.concurrent.ThreadPoolExecutor.runWorker(ThreadPoolExecutor.java:1144)
at java.base/java.util.concurrent.ThreadPoolExecutor$Worker.run(ThreadPoolExecutor.java:642)
at java.base/java.lang.Thread.run(Thread.java:1570)
Caused by: org.openqa.selenium.NoSuchElementException: no such element: Unable to locate element: {"method":"xpath","selector":"//input[@id='company']"}
  (Session info: chrome=123.0.6312.107)
For documentation on this error, please visit: https://www.selenium.dev/documentation/webdriver/troubleshooting/errors#no-such-element-exception
Build info: version: '4.10.0', revision: 'c14d967899'
System info: os.name: 'Mac OS X', os.arch: 'x86_64', os.version: '12.7.3', java.version: '22'
Driver info: org.openqa.selenium.chrome.ChromeDriver
Command: [0fe1fcc9c8e80d360f5c26fb6db4a692, findElement {using=xpath, value=//input[@id='company']}]
Capabilities {acceptInsecureCerts: false, browserName: chrome, browserVersion: 123.0.6312.107, chrome: {chromedriverVersion: 123.0.6312.58 (6b4b19e9dfbb..., userDataDir: /var/folders/1t/7s5nfm7n50d...}, fedcm:accounts: true, goog:chromeOptions: {debuggerAddress: localhost:53009}, networkConnectionEnabled: false, pageLoadStrategy: normal, platformName: mac, proxy: Proxy(), se:cdp: ws://localhost:53009/devtoo..., se:cdpVersion: 123.0.6312.107, setWindowRect: true, strictFileInteractability: false, timeouts: {implicit: 0, pageLoad: 300000, script: 30000}, unhandledPromptBehavior: dismiss and notify, webauthn:extension:credBlob: true, webauthn:extension:largeBlob: true, webauthn:extension:minPinLength: true, webauthn:extension:prf: true, webauthn:virtualAuthenticators: true}
Session ID: 0fe1fcc9c8e80d360f5c26fb6db4a692
at org.openqa.selenium.remote.codec.w3c.W3CHttpResponseCodec.createException(W3CHttpResponseCodec.java:199)
at org.openqa.selenium.remote.codec.w3c.W3CHttpResponseCodec.decode(W3CHttpResponseCodec.java:132)
at org.openqa.selenium.remote.codec.w3c.W3CHttpResponseCodec.decode(W3CHttpResponseCodec.java:51)
at org.openqa.selenium.remote.HttpCommandExecutor.execute(HttpCommandExecutor.java:191)
at org.openqa.selenium.remote.service.DriverCommandExecutor.invokeExecute(DriverCommandExecutor.java:196)
at org.openqa.selenium.remote.service.DriverCommandExecutor.execute(DriverCommandExecutor.java:171)
at org.openqa.selenium.remote.RemoteWebDriver.execute(RemoteWebDriver.java:531)
at org.openqa.selenium.remote.ElementLocation$ElementFinder$2.findElement(ElementLocation.java:165)
at org.openqa.selenium.remote.ElementLocation.findElement(ElementLocation.java:59)
at org.openqa.selenium.remote.RemoteWebDriver.findElement(RemoteWebDriver.java:350)
at org.openqa.selenium.remote.RemoteWebDriver.findElement(RemoteWebDriver.java:344)
at org.openqa.selenium.support.pagefactory.DefaultElementLocator.findElement(DefaultElementLocator.java:68)
at org.openqa.selenium.support.pagefactory.internal.LocatingElementHandler.invoke(LocatingElementHandler.java:38)
at jdk.proxy2/jdk.proxy2.$Proxy12.isDisplayed(Unknown Source)
at org.openqa.selenium.support.ui.ExpectedConditions.elementIfVisible(ExpectedConditions.java:304)
at org.openqa.selenium.support.ui.ExpectedConditions.access$000(ExpectedConditions.java:37)
at org.openqa.selenium.support.ui.ExpectedConditions$10.apply(ExpectedConditions.java:290)
at org.openqa.selenium.support.ui.ExpectedConditions$10.apply(ExpectedConditions.java:287)
at org.openqa.selenium.support.ui.FluentWait.until(FluentWait.java:205)
... 21 more
... Removed 17 stack frames]]>
    </failure>
  </testcase> <!-- @BeforeMethod beforeMethod -->
  <testcase classname="com.connectsecure.test.ui.connectsecure.TestGenralSettingsPage" name="@AfterMethod afterMethod" time="-1.712665769473E9">
    <skipped/>
  </testcase> <!-- @AfterMethod afterMethod -->
  <testcase classname="com.connectsecure.test.ui.connectsecure.TestTagRulePage" name="@BeforeMethod beforeMethod" time="-1.712665769475E9">
    <skipped/>
  </testcase> <!-- @BeforeMethod beforeMethod -->
  <testcase classname="com.connectsecure.test.ui.connectsecure.TestGenralSettingsPage" name="@BeforeMethod beforeMethod" time="-1.712665769478E9">
    <skipped/>
  </testcase> <!-- @BeforeMethod beforeMethod -->
  <testcase classname="com.connectsecure.test.ui.connectsecure.TestGenralSettingsPage" name="@AfterMethod afterMethod" time="-1.71266576948E9">
    <skipped/>
  </testcase> <!-- @AfterMethod afterMethod -->
  <testcase classname="com.connectsecure.test.ui.connectsecure.TestNewUserPage" name="@BeforeMethod beforeMethod" time="-1.712665769482E9">
    <skipped/>
  </testcase> <!-- @BeforeMethod beforeMethod -->
  <testcase classname="com.connectsecure.test.ui.connectsecure.TestNewUserPage" name="@AfterClass afterMethod" time="-1.712665769484E9">
    <skipped/>
  </testcase> <!-- @AfterClass afterMethod -->
  <testcase classname="com.connectsecure.test.ui.connectsecure.TestLogInPage" name="@BeforeMethod beforeMethod" time="33.767">
    <failure type="org.openqa.selenium.TimeoutException" message="Expected condition failed: waiting for visibility of Proxy element for: DefaultElementLocator &amp;apos;By.xpath: //input[@id=&amp;apos;company&amp;apos;]&amp;apos; (tried for 30 second(s) with 500 milliseconds interval)">
      <![CDATA[org.openqa.selenium.TimeoutException: Expected condition failed: waiting for visibility of Proxy element for: DefaultElementLocator 'By.xpath: //input[@id='company']' (tried for 30 second(s) with 500 milliseconds interval)
at org.openqa.selenium.support.ui.WebDriverWait.timeoutException(WebDriverWait.java:84)
at org.openqa.selenium.support.ui.FluentWait.until(FluentWait.java:230)
at com.base.utils.WebDriverFactory.waitForAnElementToBeVisible(WebDriverFactory.java:285)
at com.base.helper.ui.connectsecure.LoginPageHelper.enterTenantName(LoginPageHelper.java:44)
at com.base.helper.ui.connectsecure.LoginPageHelper.loginIntoTheApplication(LoginPageHelper.java:88)
at com.connectsecure.test.ui.connectsecure.TestLogInPage.beforeMethod(TestLogInPage.java:25)
at java.base/java.util.concurrent.ThreadPoolExecutor.runWorker(ThreadPoolExecutor.java:1144)
at java.base/java.util.concurrent.ThreadPoolExecutor$Worker.run(ThreadPoolExecutor.java:642)
at java.base/java.lang.Thread.run(Thread.java:1570)
Caused by: org.openqa.selenium.NoSuchElementException: no such element: Unable to locate element: {"method":"xpath","selector":"//input[@id='company']"}
  (Session info: chrome=123.0.6312.107)
For documentation on this error, please visit: https://www.selenium.dev/documentation/webdriver/troubleshooting/errors#no-such-element-exception
Build info: version: '4.10.0', revision: 'c14d967899'
System info: os.name: 'Mac OS X', os.arch: 'x86_64', os.version: '12.7.3', java.version: '22'
Driver info: org.openqa.selenium.chrome.ChromeDriver
Command: [0fe1fcc9c8e80d360f5c26fb6db4a692, findElement {using=xpath, value=//input[@id='company']}]
Capabilities {acceptInsecureCerts: false, browserName: chrome, browserVersion: 123.0.6312.107, chrome: {chromedriverVersion: 123.0.6312.58 (6b4b19e9dfbb..., userDataDir: /var/folders/1t/7s5nfm7n50d...}, fedcm:accounts: true, goog:chromeOptions: {debuggerAddress: localhost:53009}, networkConnectionEnabled: false, pageLoadStrategy: normal, platformName: mac, proxy: Proxy(), se:cdp: ws://localhost:53009/devtoo..., se:cdpVersion: 123.0.6312.107, setWindowRect: true, strictFileInteractability: false, timeouts: {implicit: 0, pageLoad: 300000, script: 30000}, unhandledPromptBehavior: dismiss and notify, webauthn:extension:credBlob: true, webauthn:extension:largeBlob: true, webauthn:extension:minPinLength: true, webauthn:extension:prf: true, webauthn:virtualAuthenticators: true}
Session ID: 0fe1fcc9c8e80d360f5c26fb6db4a692
at org.openqa.selenium.remote.codec.w3c.W3CHttpResponseCodec.createException(W3CHttpResponseCodec.java:199)
at org.openqa.selenium.remote.codec.w3c.W3CHttpResponseCodec.decode(W3CHttpResponseCodec.java:132)
at org.openqa.selenium.remote.codec.w3c.W3CHttpResponseCodec.decode(W3CHttpResponseCodec.java:51)
at org.openqa.selenium.remote.HttpCommandExecutor.execute(HttpCommandExecutor.java:191)
at org.openqa.selenium.remote.service.DriverCommandExecutor.invokeExecute(DriverCommandExecutor.java:196)
at org.openqa.selenium.remote.service.DriverCommandExecutor.execute(DriverCommandExecutor.java:171)
at org.openqa.selenium.remote.RemoteWebDriver.execute(RemoteWebDriver.java:531)
at org.openqa.selenium.remote.ElementLocation$ElementFinder$2.findElement(ElementLocation.java:165)
at org.openqa.selenium.remote.ElementLocation.findElement(ElementLocation.java:59)
at org.openqa.selenium.remote.RemoteWebDriver.findElement(RemoteWebDriver.java:350)
at org.openqa.selenium.remote.RemoteWebDriver.findElement(RemoteWebDriver.java:344)
at org.openqa.selenium.support.pagefactory.DefaultElementLocator.findElement(DefaultElementLocator.java:68)
at org.openqa.selenium.support.pagefactory.internal.LocatingElementHandler.invoke(LocatingElementHandler.java:38)
at jdk.proxy2/jdk.proxy2.$Proxy12.isDisplayed(Unknown Source)
at org.openqa.selenium.support.ui.ExpectedConditions.elementIfVisible(ExpectedConditions.java:304)
at org.openqa.selenium.support.ui.ExpectedConditions.access$000(ExpectedConditions.java:37)
at org.openqa.selenium.support.ui.ExpectedConditions$10.apply(ExpectedConditions.java:290)
at org.openqa.selenium.support.ui.ExpectedConditions$10.apply(ExpectedConditions.java:287)
at org.openqa.selenium.support.ui.FluentWait.until(FluentWait.java:205)
... 21 more
... Removed 17 stack frames]]>
    </failure>
  </testcase> <!-- @BeforeMethod beforeMethod -->
  <testcase classname="com.connectsecure.test.ui.connectsecure.TestLogInPage" name="@AfterMethod afterMethod" time="-1.712665803258E9">
    <skipped/>
  </testcase> <!-- @AfterMethod afterMethod -->
  <testcase classname="com.connectsecure.test.ui.connectsecure.TestCreateCompanyPage" name="@BeforeMethod beforeMethod" time="33.568">
    <failure type="org.openqa.selenium.WebDriverException" message="disconnected: unable to send message to renderer
  (failed to check if window was closed: disconnected: not connected to DevTools)
  (Session info: chrome=123.0.6312.107)
Build info: version: &amp;apos;4.10.0&amp;apos;, revision: &amp;apos;c14d967899&amp;apos;
System info: os.name: &amp;apos;Mac OS X&amp;apos;, os.arch: &amp;apos;x86_64&amp;apos;, os.version: &amp;apos;12.7.3&amp;apos;, java.version: &amp;apos;22&amp;apos;
Driver info: org.openqa.selenium.chrome.ChromeDriver
Command: [0fe1fcc9c8e80d360f5c26fb6db4a692, findElement {using=xpath, value=//input[@id=&amp;apos;company&amp;apos;]}]
Capabilities {acceptInsecureCerts: false, browserName: chrome, browserVersion: 123.0.6312.107, chrome: {chromedriverVersion: 123.0.6312.58 (6b4b19e9dfbb..., userDataDir: /var/folders/1t/7s5nfm7n50d...}, fedcm:accounts: true, goog:chromeOptions: {debuggerAddress: localhost:53009}, networkConnectionEnabled: false, pageLoadStrategy: normal, platformName: mac, proxy: Proxy(), se:cdp: ws://localhost:53009/devtoo..., se:cdpVersion: 123.0.6312.107, setWindowRect: true, strictFileInteractability: false, timeouts: {implicit: 0, pageLoad: 300000, script: 30000}, unhandledPromptBehavior: dismiss and notify, webauthn:extension:credBlob: true, webauthn:extension:largeBlob: true, webauthn:extension:minPinLength: true, webauthn:extension:prf: true, webauthn:virtualAuthenticators: true}
Session ID: 0fe1fcc9c8e80d360f5c26fb6db4a692">
      <![CDATA[org.openqa.selenium.WebDriverException: disconnected: unable to send message to renderer
  (failed to check if window was closed: disconnected: not connected to DevTools)
  (Session info: chrome=123.0.6312.107)
Build info: version: '4.10.0', revision: 'c14d967899'
System info: os.name: 'Mac OS X', os.arch: 'x86_64', os.version: '12.7.3', java.version: '22'
Driver info: org.openqa.selenium.chrome.ChromeDriver
Command: [0fe1fcc9c8e80d360f5c26fb6db4a692, findElement {using=xpath, value=//input[@id='company']}]
Capabilities {acceptInsecureCerts: false, browserName: chrome, browserVersion: 123.0.6312.107, chrome: {chromedriverVersion: 123.0.6312.58 (6b4b19e9dfbb..., userDataDir: /var/folders/1t/7s5nfm7n50d...}, fedcm:accounts: true, goog:chromeOptions: {debuggerAddress: localhost:53009}, networkConnectionEnabled: false, pageLoadStrategy: normal, platformName: mac, proxy: Proxy(), se:cdp: ws://localhost:53009/devtoo..., se:cdpVersion: 123.0.6312.107, setWindowRect: true, strictFileInteractability: false, timeouts: {implicit: 0, pageLoad: 300000, script: 30000}, unhandledPromptBehavior: dismiss and notify, webauthn:extension:credBlob: true, webauthn:extension:largeBlob: true, webauthn:extension:minPinLength: true, webauthn:extension:prf: true, webauthn:virtualAuthenticators: true}
Session ID: 0fe1fcc9c8e80d360f5c26fb6db4a692
at org.openqa.selenium.remote.codec.w3c.W3CHttpResponseCodec.createException(W3CHttpResponseCodec.java:199)
at org.openqa.selenium.remote.codec.w3c.W3CHttpResponseCodec.decode(W3CHttpResponseCodec.java:132)
at org.openqa.selenium.remote.codec.w3c.W3CHttpResponseCodec.decode(W3CHttpResponseCodec.java:51)
at org.openqa.selenium.remote.HttpCommandExecutor.execute(HttpCommandExecutor.java:191)
at org.openqa.selenium.remote.service.DriverCommandExecutor.invokeExecute(DriverCommandExecutor.java:196)
at org.openqa.selenium.remote.service.DriverCommandExecutor.execute(DriverCommandExecutor.java:171)
at org.openqa.selenium.remote.RemoteWebDriver.execute(RemoteWebDriver.java:531)
at org.openqa.selenium.remote.ElementLocation$ElementFinder$2.findElement(ElementLocation.java:165)
at org.openqa.selenium.remote.ElementLocation.findElement(ElementLocation.java:59)
at org.openqa.selenium.remote.RemoteWebDriver.findElement(RemoteWebDriver.java:350)
at org.openqa.selenium.remote.RemoteWebDriver.findElement(RemoteWebDriver.java:344)
at org.openqa.selenium.support.pagefactory.DefaultElementLocator.findElement(DefaultElementLocator.java:68)
at org.openqa.selenium.support.pagefactory.internal.LocatingElementHandler.invoke(LocatingElementHandler.java:38)
at jdk.proxy2/jdk.proxy2.$Proxy12.isDisplayed(Unknown Source)
at org.openqa.selenium.support.ui.ExpectedConditions.elementIfVisible(ExpectedConditions.java:304)
at org.openqa.selenium.support.ui.ExpectedConditions.access$000(ExpectedConditions.java:37)
at org.openqa.selenium.support.ui.ExpectedConditions$10.apply(ExpectedConditions.java:290)
at org.openqa.selenium.support.ui.ExpectedConditions$10.apply(ExpectedConditions.java:287)
at org.openqa.selenium.support.ui.FluentWait.until(FluentWait.java:205)
at com.base.utils.WebDriverFactory.waitForAnElementToBeVisible(WebDriverFactory.java:285)
at com.base.helper.ui.connectsecure.LoginPageHelper.enterTenantName(LoginPageHelper.java:44)
at com.base.helper.ui.connectsecure.LoginPageHelper.loginIntoTheApplication(LoginPageHelper.java:88)
at com.connectsecure.test.ui.connectsecure.TestCreateCompanyPage.beforeMethod(TestCreateCompanyPage.java:38)
at java.base/java.util.concurrent.ThreadPoolExecutor.runWorker(ThreadPoolExecutor.java:1144)
at java.base/java.util.concurrent.ThreadPoolExecutor$Worker.run(ThreadPoolExecutor.java:642)
at java.base/java.lang.Thread.run(Thread.java:1570)
... Removed 17 stack frames]]>
    </failure>
  </testcase> <!-- @BeforeMethod beforeMethod -->
  <testcase classname="com.connectsecure.test.ui.connectsecure.TestCreateCompanyPage" name="@AfterMethod afterMethod" time="-1.712665836836E9">
    <skipped/>
  </testcase> <!-- @AfterMethod afterMethod -->
  <testcase classname="com.connectsecure.test.ui.connectsecure.TestCreateCompanyPage" name="@BeforeMethod beforeMethod" time="-1.712665836837E9">
    <skipped/>
  </testcase> <!-- @BeforeMethod beforeMethod -->
  <testcase classname="com.connectsecure.test.ui.connectsecure.TestCreateCompanyPage" name="@AfterMethod afterMethod" time="-1.712665836839E9">
    <skipped/>
  </testcase> <!-- @AfterMethod afterMethod -->
  <testcase classname="com.connectsecure.test.ui.connectsecure.TestCreateCompanyPage" name="@BeforeMethod beforeMethod" time="-1.712665836842E9">
    <skipped/>
  </testcase> <!-- @BeforeMethod beforeMethod -->
  <testcase classname="com.connectsecure.test.ui.connectsecure.TestCreateCompanyPage" name="@AfterMethod afterMethod" time="-1.712665836857E9">
    <skipped/>
  </testcase> <!-- @AfterMethod afterMethod -->
  <testcase classname="com.connectsecure.test.ui.connectsecure.TestTagRulePage" name="@BeforeMethod beforeMethod" time="-1.712665836861E9">
    <skipped/>
  </testcase> <!-- @BeforeMethod beforeMethod -->
  <testcase classname="com.connectsecure.test.ui.connectsecure.TestTagRulePage" name="@AfterClass afterMethod" time="-1.712665836871E9">
    <skipped/>
  </testcase> <!-- @AfterClass afterMethod -->
  <testcase classname="com.connectsecure.test.ui.connectsecure.TestGlobalSettingsPage" name="@BeforeMethod beforeMethod" time="0.029">
    <failure type="org.openqa.selenium.WebDriverException" message="disconnected: not connected to DevTools
  (failed to check if window was closed: disconnected: not connected to DevTools)
  (Session info: chrome=123.0.6312.107)
Build info: version: &amp;apos;4.10.0&amp;apos;, revision: &amp;apos;c14d967899&amp;apos;
System info: os.name: &amp;apos;Mac OS X&amp;apos;, os.arch: &amp;apos;x86_64&amp;apos;, os.version: &amp;apos;12.7.3&amp;apos;, java.version: &amp;apos;22&amp;apos;
Driver info: org.openqa.selenium.chrome.ChromeDriver
Command: [0fe1fcc9c8e80d360f5c26fb6db4a692, maximizeCurrentWindow {}]
Capabilities {acceptInsecureCerts: false, browserName: chrome, browserVersion: 123.0.6312.107, chrome: {chromedriverVersion: 123.0.6312.58 (6b4b19e9dfbb..., userDataDir: /var/folders/1t/7s5nfm7n50d...}, fedcm:accounts: true, goog:chromeOptions: {debuggerAddress: localhost:53009}, networkConnectionEnabled: false, pageLoadStrategy: normal, platformName: mac, proxy: Proxy(), se:cdp: ws://localhost:53009/devtoo..., se:cdpVersion: 123.0.6312.107, setWindowRect: true, strictFileInteractability: false, timeouts: {implicit: 0, pageLoad: 300000, script: 30000}, unhandledPromptBehavior: dismiss and notify, webauthn:extension:credBlob: true, webauthn:extension:largeBlob: true, webauthn:extension:minPinLength: true, webauthn:extension:prf: true, webauthn:virtualAuthenticators: true}
Session ID: 0fe1fcc9c8e80d360f5c26fb6db4a692">
      <![CDATA[org.openqa.selenium.WebDriverException: disconnected: not connected to DevTools
  (failed to check if window was closed: disconnected: not connected to DevTools)
  (Session info: chrome=123.0.6312.107)
Build info: version: '4.10.0', revision: 'c14d967899'
System info: os.name: 'Mac OS X', os.arch: 'x86_64', os.version: '12.7.3', java.version: '22'
Driver info: org.openqa.selenium.chrome.ChromeDriver
Command: [0fe1fcc9c8e80d360f5c26fb6db4a692, maximizeCurrentWindow {}]
Capabilities {acceptInsecureCerts: false, browserName: chrome, browserVersion: 123.0.6312.107, chrome: {chromedriverVersion: 123.0.6312.58 (6b4b19e9dfbb..., userDataDir: /var/folders/1t/7s5nfm7n50d...}, fedcm:accounts: true, goog:chromeOptions: {debuggerAddress: localhost:53009}, networkConnectionEnabled: false, pageLoadStrategy: normal, platformName: mac, proxy: Proxy(), se:cdp: ws://localhost:53009/devtoo..., se:cdpVersion: 123.0.6312.107, setWindowRect: true, strictFileInteractability: false, timeouts: {implicit: 0, pageLoad: 300000, script: 30000}, unhandledPromptBehavior: dismiss and notify, webauthn:extension:credBlob: true, webauthn:extension:largeBlob: true, webauthn:extension:minPinLength: true, webauthn:extension:prf: true, webauthn:virtualAuthenticators: true}
Session ID: 0fe1fcc9c8e80d360f5c26fb6db4a692
at org.openqa.selenium.remote.codec.w3c.W3CHttpResponseCodec.createException(W3CHttpResponseCodec.java:199)
at org.openqa.selenium.remote.codec.w3c.W3CHttpResponseCodec.decode(W3CHttpResponseCodec.java:132)
at org.openqa.selenium.remote.codec.w3c.W3CHttpResponseCodec.decode(W3CHttpResponseCodec.java:51)
at org.openqa.selenium.remote.HttpCommandExecutor.execute(HttpCommandExecutor.java:191)
at org.openqa.selenium.remote.service.DriverCommandExecutor.invokeExecute(DriverCommandExecutor.java:196)
at org.openqa.selenium.remote.service.DriverCommandExecutor.execute(DriverCommandExecutor.java:171)
at org.openqa.selenium.remote.RemoteWebDriver.execute(RemoteWebDriver.java:531)
at org.openqa.selenium.remote.RemoteWebDriver.execute(RemoteWebDriver.java:590)
at org.openqa.selenium.remote.RemoteWebDriver.execute(RemoteWebDriver.java:594)
at org.openqa.selenium.remote.RemoteWebDriver$RemoteWebDriverOptions$RemoteWindow.maximize(RemoteWebDriver.java:955)
at com.base.utils.WebDriverFactory.launchBrowser(WebDriverFactory.java:63)
at com.connectsecure.test.ui.connectsecure.TestGlobalSettingsPage.beforeMethod(TestGlobalSettingsPage.java:22)
at java.base/java.util.concurrent.ThreadPoolExecutor.runWorker(ThreadPoolExecutor.java:1144)
at java.base/java.util.concurrent.ThreadPoolExecutor$Worker.run(ThreadPoolExecutor.java:642)
at java.base/java.lang.Thread.run(Thread.java:1570)
... Removed 17 stack frames]]>
    </failure>
  </testcase> <!-- @BeforeMethod beforeMethod -->
  <testcase classname="com.connectsecure.test.ui.connectsecure.TestGlobalSettingsPage" name="@BeforeMethod beforeMethod" time="-1.712665836912E9">
    <skipped/>
  </testcase> <!-- @BeforeMethod beforeMethod -->
  <testcase classname="com.connectsecure.test.ui.connectsecure.TestGlobalSettingsPage" name="@BeforeMethod beforeMethod" time="-1.712665836927E9">
    <skipped/>
  </testcase> <!-- @BeforeMethod beforeMethod -->
  <testcase classname="com.connectsecure.test.ui.connectsecure.TestGlobalSettingsPage" name="@BeforeMethod beforeMethod" time="-1.71266583693E9">
    <skipped/>
  </testcase> <!-- @BeforeMethod beforeMethod -->
  <testcase classname="com.connectsecure.test.ui.connectsecure.TestGlobalSettingsPage" name="@BeforeMethod beforeMethod" time="-1.712665836932E9">
    <skipped/>
  </testcase> <!-- @BeforeMethod beforeMethod -->
  <testcase classname="com.connectsecure.test.ui.connectsecure.TestGlobalSettingsPage" name="@BeforeMethod beforeMethod" time="-1.712665836939E9">
    <skipped/>
  </testcase> <!-- @BeforeMethod beforeMethod -->
  <testcase classname="com.connectsecure.test.ui.connectsecure.TestGlobalSettingsPage" name="@BeforeMethod beforeMethod" time="-1.712665836946E9">
    <skipped/>
  </testcase> <!-- @BeforeMethod beforeMethod -->
  <testcase classname="com.connectsecure.test.ui.connectsecure.TestGlobalSettingsPage" name="@BeforeMethod beforeMethod" time="-1.712665836953E9">
    <skipped/>
  </testcase> <!-- @BeforeMethod beforeMethod -->
  <testcase classname="com.connectsecure.test.ui.connectsecure.TestGlobalSettingsPage" name="@BeforeMethod beforeMethod" time="-1.712665837048E9">
    <skipped/>
  </testcase> <!-- @BeforeMethod beforeMethod -->
  <testcase classname="com.connectsecure.test.ui.connectsecure.TestGlobalSettingsPage" name="@BeforeMethod beforeMethod" time="-1.71266583707E9">
    <skipped/>
  </testcase> <!-- @BeforeMethod beforeMethod -->
  <testcase classname="com.connectsecure.test.ui.connectsecure.TestGlobalSettingsPage" name="@BeforeMethod beforeMethod" time="-1.712665837083E9">
    <skipped/>
  </testcase> <!-- @BeforeMethod beforeMethod -->
  <testcase classname="com.connectsecure.test.ui.connectsecure.TestGlobalSettingsPage" name="@BeforeMethod beforeMethod" time="-1.712665837089E9">
    <skipped/>
  </testcase> <!-- @BeforeMethod beforeMethod -->
  <testcase classname="com.connectsecure.test.ui.connectsecure.TestGlobalSettingsPage" name="@AfterClass afterMethod" time="-1.712665837091E9">
    <skipped/>
  </testcase> <!-- @AfterClass afterMethod -->
  <testcase classname="com.connectsecure.test.ui.connectsecure.TestNewUserPage" name="testActionUserButton" time="0.01">
    <failure type="java.lang.NullPointerException" message="Cannot invoke &amp;quot;org.openqa.selenium.SearchContext.findElement(org.openqa.selenium.By)&amp;quot; because &amp;quot;this.searchContext&amp;quot; is null">
      <![CDATA[java.lang.NullPointerException: Cannot invoke "org.openqa.selenium.SearchContext.findElement(org.openqa.selenium.By)" because "this.searchContext" is null
at org.openqa.selenium.support.pagefactory.DefaultElementLocator.findElement(DefaultElementLocator.java:68)
at org.openqa.selenium.support.pagefactory.internal.LocatingElementHandler.invoke(LocatingElementHandler.java:38)
at jdk.proxy2/jdk.proxy2.$Proxy12.isDisplayed(Unknown Source)
at org.openqa.selenium.support.ui.ExpectedConditions.elementIfVisible(ExpectedConditions.java:304)
at org.openqa.selenium.support.ui.ExpectedConditions.access$000(ExpectedConditions.java:37)
at org.openqa.selenium.support.ui.ExpectedConditions$10.apply(ExpectedConditions.java:290)
at org.openqa.selenium.support.ui.ExpectedConditions$10.apply(ExpectedConditions.java:287)
at org.openqa.selenium.support.ui.ExpectedConditions$23.apply(ExpectedConditions.java:656)
at org.openqa.selenium.support.ui.ExpectedConditions$23.apply(ExpectedConditions.java:652)
at org.openqa.selenium.support.ui.FluentWait.until(FluentWait.java:205)
at com.base.utils.WebDriverFactory.isElementClickable(WebDriverFactory.java:505)
at com.base.utils.WebDriverFactory.clickWebElement(WebDriverFactory.java:153)
at com.base.helper.ui.connectsecure.CreateNewUserHelper.clickOnLabelUsers(CreateNewUserHelper.java:56)
at com.connectsecure.test.ui.connectsecure.TestNewUserPage.testActionUserButton(TestNewUserPage.java:91)
at java.base/java.util.concurrent.ThreadPoolExecutor.runWorker(ThreadPoolExecutor.java:1144)
at java.base/java.util.concurrent.ThreadPoolExecutor$Worker.run(ThreadPoolExecutor.java:642)
at java.base/java.lang.Thread.run(Thread.java:1570)
... Removed 10 stack frames]]>
    </failure>
  </testcase> <!-- testActionUserButton -->
  <testcase classname="com.connectsecure.test.ui.connectsecure.TestNewUserPage" name="testAddNewUserRecordForAllowedCompany" time="0.0">
    <skipped/>
  </testcase> <!-- testAddNewUserRecordForAllowedCompany -->
  <testcase classname="com.connectsecure.test.ui.connectsecure.TestNewUserPage" name="testAddNewUserRecordForDeniedCompany" time="0.0">
    <skipped/>
  </testcase> <!-- testAddNewUserRecordForDeniedCompany -->
  <testcase classname="com.connectsecure.test.ui.connectsecure.TestTagRulePage" name="testAddTagRuleIsWorkingFine" time="0.0">
    <skipped/>
  </testcase> <!-- testAddTagRuleIsWorkingFine -->
  <testcase classname="com.connectsecure.test.ui.connectsecure.TestGenralSettingsPage" name="testGeneralSetting" time="0.0">
    <skipped/>
  </testcase> <!-- testGeneralSetting -->
  <testcase classname="com.connectsecure.test.ui.connectsecure.TestTagRulePage" name="testTagActionDelete" time="0.0">
    <skipped/>
  </testcase> <!-- testTagActionDelete -->
  <testcase classname="com.connectsecure.test.ui.connectsecure.TestGenralSettingsPage" name="testToggleToDarkTheme" time="0.0">
    <skipped/>
  </testcase> <!-- testToggleToDarkTheme -->
  <testcase classname="com.connectsecure.test.ui.connectsecure.TestNewUserPage" name="testUserActionMfa" time="0.0">
    <skipped/>
  </testcase> <!-- testUserActionMfa -->
  <testcase classname="com.connectsecure.test.ui.connectsecure.TestLogInPage" name="testUserIsAbleToLoginApplication" time="0.0">
    <skipped/>
  </testcase> <!-- testUserIsAbleToLoginApplication -->
  <testcase classname="com.connectsecure.test.ui.connectsecure.TestCreateCompanyPage" name="testCreateCompanyFeatureIsWorking" time="0.0">
    <skipped/>
  </testcase> <!-- testCreateCompanyFeatureIsWorking -->
  <testcase classname="com.connectsecure.test.ui.connectsecure.TestCreateCompanyPage" name="testDeleteCompanyFeatureIsWorkingfine" time="0.0">
    <skipped/>
  </testcase> <!-- testDeleteCompanyFeatureIsWorkingfine -->
  <testcase classname="com.connectsecure.test.ui.connectsecure.TestCreateCompanyPage" name="testDeleteExistingCompanyAndVerify" time="0.0">
    <skipped/>
  </testcase> <!-- testDeleteExistingCompanyAndVerify -->
  <testcase classname="com.connectsecure.test.ui.connectsecure.TestTagRulePage" name="testTagActionEdit" time="0.0">
    <skipped/>
  </testcase> <!-- testTagActionEdit -->
  <testcase classname="com.connectsecure.test.ui.connectsecure.TestGlobalSettingsPage" name="testTimezoneSetting" time="0.0">
    <skipped/>
  </testcase> <!-- testTimezoneSetting -->
  <testcase classname="com.connectsecure.test.ui.connectsecure.TestGlobalSettingsPage" name="testCustomDateFormatSetting" time="0.0">
    <skipped/>
  </testcase> <!-- testCustomDateFormatSetting -->
  <testcase classname="com.connectsecure.test.ui.connectsecure.TestGlobalSettingsPage" name="testSessionTimeoutSetting" time="0.0">
    <skipped/>
  </testcase> <!-- testSessionTimeoutSetting -->
  <testcase classname="com.connectsecure.test.ui.connectsecure.TestGlobalSettingsPage" name="testPortsPolicySetting" time="0.0">
    <skipped/>
  </testcase> <!-- testPortsPolicySetting -->
  <testcase classname="com.connectsecure.test.ui.connectsecure.TestGlobalSettingsPage" name="testDeprecationDaysSetting" time="0.0">
    <skipped/>
  </testcase> <!-- testDeprecationDaysSetting -->
  <testcase classname="com.connectsecure.test.ui.connectsecure.TestGlobalSettingsPage" name="testWhiteLabelSetting" time="0.0">
    <skipped/>
  </testcase> <!-- testWhiteLabelSetting -->
  <testcase classname="com.connectsecure.test.ui.connectsecure.TestGlobalSettingsPage" name="testAddEdrApplicationSetting" time="0.0">
    <skipped/>
  </testcase> <!-- testAddEdrApplicationSetting -->
  <testcase classname="com.connectsecure.test.ui.connectsecure.TestGlobalSettingsPage" name="testEdrExcludeSetting" time="0.0">
    <skipped/>
  </testcase> <!-- testEdrExcludeSetting -->
  <testcase classname="com.connectsecure.test.ui.connectsecure.TestGlobalSettingsPage" name="testComplianceScanSettings" time="0.0">
    <skipped/>
  </testcase> <!-- testComplianceScanSettings -->
  <testcase classname="com.connectsecure.test.ui.connectsecure.TestGlobalSettingsPage" name="testBackupExcludeSetting" time="0.0">
    <skipped/>
  </testcase> <!-- testBackupExcludeSetting -->
  <testcase classname="com.connectsecure.test.ui.connectsecure.TestGlobalSettingsPage" name="testAddSoftwareToExcludeAndRemove" time="0.0">
    <skipped/>
  </testcase> <!-- testAddSoftwareToExcludeAndRemove -->
  <testcase classname="com.connectsecure.test.ui.connectsecure.TestGlobalSettingsPage" name="testLwAgentScanSetting" time="0.0">
    <skipped/>
  </testcase> <!-- testLwAgentScanSetting -->
</testsuite> <!-- Test ConnectSecure Application -->
