<?xml version="1.0" encoding="UTF-8"?>
<!-- Generated by org.testng.reporters.JUnitReportReporter -->
<testsuite hostname="apples-MacBook-Air-4.local" failures="0" tests="13" name="com.connectsecure.test.ui.connectsecure.TestGlobalSettingsPage" time="0.029" errors="1" timestamp="2024-04-09T18:00:42 IST" skipped="12">
  <testcase classname="com.connectsecure.test.ui.connectsecure.TestGlobalSettingsPage" name="beforeMethod" time="0.029">
    <error message="disconnected: not connected to DevTools
  (failed to check if window was closed: disconnected: not connected to DevTools)
  (Session info: chrome=123.0.6312.107)
Build info: version: &#039;4.10.0&#039;, revision: &#039;c14d967899&#039;
System info: os.name: &#039;Mac OS X&#039;, os.arch: &#039;x86_64&#039;, os.version: &#039;12.7.3&#039;, java.version: &#039;22&#039;
Driver info: org.openqa.selenium.chrome.ChromeDriver
Command: [0fe1fcc9c8e80d360f5c26fb6db4a692, maximizeCurrentWindow {}]
Capabilities {acceptInsecureCerts: false, browserName: chrome, browserVersion: 123.0.6312.107, chrome: {chromedriverVersion: 123.0.6312.58 (6b4b19e9dfbb..., userDataDir: /var/folders/1t/7s5nfm7n50d...}, fedcm:accounts: true, goog:chromeOptions: {debuggerAddress: localhost:53009}, networkConnectionEnabled: false, pageLoadStrategy: normal, platformName: mac, proxy: Proxy(), se:cdp: ws://localhost:53009/devtoo..., se:cdpVersion: 123.0.6312.107, setWindowRect: true, strictFileInteractability: false, timeouts: {implicit: 0, pageLoad: 300000, script: 30000}, unhandledPromptBehavior: dismiss and notify, webauthn:extension:credBlob: true, webauthn:extension:largeBlob: true, webauthn:extension:minPinLength: true, webauthn:extension:prf: true, webauthn:virtualAuthenticators: true}
Session ID: 0fe1fcc9c8e80d360f5c26fb6db4a692" type="org.openqa.selenium.WebDriverException">
      <![CDATA[org.openqa.selenium.WebDriverException: disconnected: not connected to DevTools
  (failed to check if window was closed: disconnected: not connected to DevTools)
  (Session info: chrome=123.0.6312.107)
Build info: version: '4.10.0', revision: 'c14d967899'
System info: os.name: 'Mac OS X', os.arch: 'x86_64', os.version: '12.7.3', java.version: '22'
Driver info: org.openqa.selenium.chrome.ChromeDriver
Command: [0fe1fcc9c8e80d360f5c26fb6db4a692, maximizeCurrentWindow {}]
Capabilities {acceptInsecureCerts: false, browserName: chrome, browserVersion: 123.0.6312.107, chrome: {chromedriverVersion: 123.0.6312.58 (6b4b19e9dfbb..., userDataDir: /var/folders/1t/7s5nfm7n50d...}, fedcm:accounts: true, goog:chromeOptions: {debuggerAddress: localhost:53009}, networkConnectionEnabled: false, pageLoadStrategy: normal, platformName: mac, proxy: Proxy(), se:cdp: ws://localhost:53009/devtoo..., se:cdpVersion: 123.0.6312.107, setWindowRect: true, strictFileInteractability: false, timeouts: {implicit: 0, pageLoad: 300000, script: 30000}, unhandledPromptBehavior: dismiss and notify, webauthn:extension:credBlob: true, webauthn:extension:largeBlob: true, webauthn:extension:minPinLength: true, webauthn:extension:prf: true, webauthn:virtualAuthenticators: true}
Session ID: 0fe1fcc9c8e80d360f5c26fb6db4a692
at java.base/jdk.internal.reflect.DirectConstructorHandleAccessor.newInstance(DirectConstructorHandleAccessor.java:62)
at java.base/java.lang.reflect.Constructor.newInstanceWithCaller(Constructor.java:502)
at java.base/java.lang.reflect.Constructor.newInstance(Constructor.java:486)
at org.openqa.selenium.remote.codec.w3c.W3CHttpResponseCodec.createException(W3CHttpResponseCodec.java:199)
at org.openqa.selenium.remote.codec.w3c.W3CHttpResponseCodec.decode(W3CHttpResponseCodec.java:132)
at org.openqa.selenium.remote.codec.w3c.W3CHttpResponseCodec.decode(W3CHttpResponseCodec.java:51)
at org.openqa.selenium.remote.HttpCommandExecutor.execute(HttpCommandExecutor.java:191)
at org.openqa.selenium.remote.service.DriverCommandExecutor.invokeExecute(DriverCommandExecutor.java:196)
at org.openqa.selenium.remote.service.DriverCommandExecutor.execute(DriverCommandExecutor.java:171)
at org.openqa.selenium.remote.RemoteWebDriver.execute(RemoteWebDriver.java:531)
at org.openqa.selenium.remote.RemoteWebDriver.execute(RemoteWebDriver.java:590)
at org.openqa.selenium.remote.RemoteWebDriver.execute(RemoteWebDriver.java:594)
at org.openqa.selenium.remote.RemoteWebDriver$RemoteWebDriverOptions$RemoteWindow.maximize(RemoteWebDriver.java:955)
at com.base.utils.WebDriverFactory.launchBrowser(WebDriverFactory.java:63)
at com.connectsecure.test.ui.connectsecure.TestGlobalSettingsPage.beforeMethod(TestGlobalSettingsPage.java:22)
at java.base/jdk.internal.reflect.DirectMethodHandleAccessor.invoke(DirectMethodHandleAccessor.java:103)
at java.base/java.lang.reflect.Method.invoke(Method.java:580)
at org.testng.internal.MethodInvocationHelper.invokeMethod(MethodInvocationHelper.java:134)
at org.testng.internal.MethodInvocationHelper.invokeMethodConsideringTimeout(MethodInvocationHelper.java:63)
at org.testng.internal.ConfigInvoker.invokeConfigurationMethod(ConfigInvoker.java:348)
at org.testng.internal.ConfigInvoker.invokeConfigurations(ConfigInvoker.java:302)
at org.testng.internal.TestInvoker.runConfigMethods(TestInvoker.java:695)
at org.testng.internal.TestInvoker.invokeMethod(TestInvoker.java:523)
at org.testng.internal.TestInvoker.invokeTestMethod(TestInvoker.java:173)
at org.testng.internal.MethodRunner.runInSequence(MethodRunner.java:46)
at org.testng.internal.TestInvoker$MethodInvocationAgent.invoke(TestInvoker.java:816)
at org.testng.internal.TestInvoker.invokeTestMethods(TestInvoker.java:146)
at org.testng.internal.TestMethodWorker.invokeTestMethods(TestMethodWorker.java:146)
at org.testng.internal.TestMethodWorker.run(TestMethodWorker.java:128)
at java.base/java.util.concurrent.ThreadPoolExecutor.runWorker(ThreadPoolExecutor.java:1144)
at java.base/java.util.concurrent.ThreadPoolExecutor$Worker.run(ThreadPoolExecutor.java:642)
at java.base/java.lang.Thread.run(Thread.java:1570)
]]>
    </error>
  </testcase> <!-- beforeMethod -->
  <system-out/>
  <testcase classname="com.connectsecure.test.ui.connectsecure.TestGlobalSettingsPage" name="testTimezoneSetting" time="0.000">
    <skipped/>
  </testcase> <!-- testTimezoneSetting -->
  <system-out/>
  <testcase classname="com.connectsecure.test.ui.connectsecure.TestGlobalSettingsPage" name="testCustomDateFormatSetting" time="0.000">
    <skipped/>
  </testcase> <!-- testCustomDateFormatSetting -->
  <system-out/>
  <testcase classname="com.connectsecure.test.ui.connectsecure.TestGlobalSettingsPage" name="testSessionTimeoutSetting" time="0.000">
    <skipped/>
  </testcase> <!-- testSessionTimeoutSetting -->
  <system-out/>
  <testcase classname="com.connectsecure.test.ui.connectsecure.TestGlobalSettingsPage" name="testPortsPolicySetting" time="0.000">
    <skipped/>
  </testcase> <!-- testPortsPolicySetting -->
  <system-out/>
  <testcase classname="com.connectsecure.test.ui.connectsecure.TestGlobalSettingsPage" name="testDeprecationDaysSetting" time="0.000">
    <skipped/>
  </testcase> <!-- testDeprecationDaysSetting -->
  <system-out/>
  <testcase classname="com.connectsecure.test.ui.connectsecure.TestGlobalSettingsPage" name="testWhiteLabelSetting" time="0.000">
    <skipped/>
  </testcase> <!-- testWhiteLabelSetting -->
  <system-out/>
  <testcase classname="com.connectsecure.test.ui.connectsecure.TestGlobalSettingsPage" name="testAddEdrApplicationSetting" time="0.000">
    <skipped/>
  </testcase> <!-- testAddEdrApplicationSetting -->
  <system-out/>
  <testcase classname="com.connectsecure.test.ui.connectsecure.TestGlobalSettingsPage" name="testEdrExcludeSetting" time="0.000">
    <skipped/>
  </testcase> <!-- testEdrExcludeSetting -->
  <system-out/>
  <testcase classname="com.connectsecure.test.ui.connectsecure.TestGlobalSettingsPage" name="testComplianceScanSettings" time="0.000">
    <skipped/>
  </testcase> <!-- testComplianceScanSettings -->
  <system-out/>
  <testcase classname="com.connectsecure.test.ui.connectsecure.TestGlobalSettingsPage" name="testBackupExcludeSetting" time="0.000">
    <skipped/>
  </testcase> <!-- testBackupExcludeSetting -->
  <system-out/>
  <testcase classname="com.connectsecure.test.ui.connectsecure.TestGlobalSettingsPage" name="testAddSoftwareToExcludeAndRemove" time="0.000">
    <skipped/>
  </testcase> <!-- testAddSoftwareToExcludeAndRemove -->
  <system-out/>
  <testcase classname="com.connectsecure.test.ui.connectsecure.TestGlobalSettingsPage" name="testLwAgentScanSetting" time="0.000">
    <skipped/>
  </testcase> <!-- testLwAgentScanSetting -->
  <system-out/>
</testsuite> <!-- com.connectsecure.test.ui.connectsecure.TestGlobalSettingsPage -->
